[2018-09-02T12:34:35.548] [INFO] cheese - ikcamp
[2018-09-02T12:34:35.554] [INFO] cheese - 响应时间为0.006s
[2018-09-02T13:41:57.937] [INFO] cheese - ikcamp
[2018-09-02T13:41:57.966] [INFO] cheese - 响应时间为0.029s
[2018-09-02T13:41:58.679] [INFO] cheese - ikcamp
[2018-09-02T13:41:58.680] [INFO] cheese - 响应时间为0.001s
[2018-09-02T13:41:59.720] [INFO] cheese - ikcamp
[2018-09-02T13:41:59.721] [INFO] cheese - 响应时间为0.001s
[2018-09-02T13:42:16.123] [INFO] cheese - ikcamp
[2018-09-02T13:42:16.157] [INFO] cheese - 响应时间为0.035s
[2018-09-02T13:42:19.964] [INFO] cheese - ikcamp
[2018-09-02T13:42:19.964] [INFO] cheese - 响应时间为0s
[2018-09-02T13:42:19.965] [ERROR] cheese - InternalServerError: 错误页渲染失败:env is not defined
    at Object.throw (F:\zeng_vue\koa2\node_modules\.2.5.2@koa\lib\context.js:96:11)
    at F:\zeng_vue\koa2\middleware\mi-http-error\index.js:42:26
    at <anonymous>
[2018-09-02T13:50:56.944] [INFO] cheese - ikcamp
[2018-09-02T13:50:56.944] [INFO] cheese - 响应时间为0s
[2018-09-02T13:50:56.945] [ERROR] cheese - InternalServerError: 错误页渲染失败:env is not defined
    at Object.throw (F:\zeng_vue\koa2\node_modules\.2.5.2@koa\lib\context.js:96:11)
    at F:\zeng_vue\koa2\middleware\mi-http-error\index.js:42:26
    at <anonymous>
[2018-09-02T16:29:07.467] [INFO] cheese - ikcamp
[2018-09-02T16:29:07.503] [INFO] cheese - 响应时间为0.037s
[2018-09-02T16:29:07.807] [INFO] cheese - ikcamp
[2018-09-02T16:29:07.808] [INFO] cheese - 响应时间为0.001s
[2018-09-02T16:29:07.811] [ERROR] cheese - InternalServerError: 错误页渲染失败:template not found: F:\zeng_vue\koa2\errorPage\404.html
    at Object.throw (F:\zeng_vue\koa2\node_modules\.2.5.2@koa\lib\context.js:96:11)
    at F:\zeng_vue\koa2\middleware\mi-http-error\index.js:43:26
    at <anonymous>
[2018-09-02T16:29:20.084] [INFO] cheese - ikcamp
[2018-09-02T16:29:20.084] [INFO] cheese - 响应时间为0s
[2018-09-02T16:29:20.085] [ERROR] cheese - InternalServerError: 错误页渲染失败:template not found: F:\zeng_vue\koa2\errorPage\404.html
    at Object.throw (F:\zeng_vue\koa2\node_modules\.2.5.2@koa\lib\context.js:96:11)
    at F:\zeng_vue\koa2\middleware\mi-http-error\index.js:43:26
    at <anonymous>
[2018-09-02T16:29:20.191] [INFO] cheese - ikcamp
[2018-09-02T16:29:20.191] [INFO] cheese - 响应时间为0s
[2018-09-02T16:29:20.191] [ERROR] cheese - InternalServerError: 错误页渲染失败:template not found: F:\zeng_vue\koa2\errorPage\404.html
    at Object.throw (F:\zeng_vue\koa2\node_modules\.2.5.2@koa\lib\context.js:96:11)
    at F:\zeng_vue\koa2\middleware\mi-http-error\index.js:43:26
    at <anonymous>
[2018-09-02T16:31:05.347] [INFO] cheese - ikcamp
[2018-09-02T16:31:05.354] [INFO] cheese - 响应时间为0.007s
[2018-09-02T16:31:05.356] [ERROR] cheese - InternalServerError: 错误页渲染失败:template not found: F:\zeng_vue\koa2\errorPage\404.html
    at Object.throw (F:\zeng_vue\koa2\node_modules\.2.5.2@koa\lib\context.js:96:11)
    at F:\zeng_vue\koa2\middleware\mi-http-error\index.js:44:26
    at <anonymous>
[2018-09-02T16:31:05.474] [INFO] cheese - ikcamp
[2018-09-02T16:31:05.474] [INFO] cheese - 响应时间为0s
[2018-09-02T16:31:05.477] [ERROR] cheese - InternalServerError: 错误页渲染失败:template not found: F:\zeng_vue\koa2\errorPage\404.html
    at Object.throw (F:\zeng_vue\koa2\node_modules\.2.5.2@koa\lib\context.js:96:11)
    at F:\zeng_vue\koa2\middleware\mi-http-error\index.js:44:26
    at <anonymous>
[2018-09-02T16:31:55.244] [INFO] cheese - ikcamp
[2018-09-02T16:31:55.248] [INFO] cheese - 响应时间为0.004s
[2018-09-02T16:31:55.251] [ERROR] cheese - InternalServerError: 错误页渲染失败:template not found: F:\zeng_vue\koa2\errorPage\404.html
    at Object.throw (F:\zeng_vue\koa2\node_modules\.2.5.2@koa\lib\context.js:96:11)
    at F:\zeng_vue\koa2\middleware\mi-http-error\index.js:44:26
    at <anonymous>
[2018-09-02T16:31:55.356] [INFO] cheese - ikcamp
[2018-09-02T16:31:55.357] [INFO] cheese - 响应时间为0.001s
[2018-09-02T16:31:55.359] [ERROR] cheese - InternalServerError: 错误页渲染失败:template not found: F:\zeng_vue\koa2\errorPage\404.html
    at Object.throw (F:\zeng_vue\koa2\node_modules\.2.5.2@koa\lib\context.js:96:11)
    at F:\zeng_vue\koa2\middleware\mi-http-error\index.js:44:26
    at <anonymous>
[2018-09-02T16:32:40.218] [INFO] cheese - ikcamp
[2018-09-02T16:32:40.223] [INFO] cheese - 响应时间为0.005s
[2018-09-02T16:32:40.226] [ERROR] cheese - InternalServerError: 错误页渲染失败:template not found: F:\zeng_vue\koa2\errorPage\404.html
    at Object.throw (F:\zeng_vue\koa2\node_modules\.2.5.2@koa\lib\context.js:96:11)
    at F:\zeng_vue\koa2\middleware\mi-http-error\index.js:44:26
    at <anonymous>
[2018-09-02T16:32:40.337] [INFO] cheese - ikcamp
[2018-09-02T16:32:40.337] [INFO] cheese - 响应时间为0s
[2018-09-02T16:32:40.340] [ERROR] cheese - InternalServerError: 错误页渲染失败:template not found: F:\zeng_vue\koa2\errorPage\404.html
    at Object.throw (F:\zeng_vue\koa2\node_modules\.2.5.2@koa\lib\context.js:96:11)
    at F:\zeng_vue\koa2\middleware\mi-http-error\index.js:44:26
    at <anonymous>
[2018-09-02T16:34:13.831] [INFO] cheese - ikcamp
[2018-09-02T16:34:13.837] [INFO] cheese - 响应时间为0.006s
[2018-09-02T16:34:13.840] [ERROR] cheese - InternalServerError: 错误页渲染失败:template not found: F:\zeng_vue\koa2\errorPage\404.html
    at Object.throw (F:\zeng_vue\koa2\node_modules\.2.5.2@koa\lib\context.js:96:11)
    at F:\zeng_vue\koa2\middleware\mi-http-error\index.js:44:26
    at <anonymous>
[2018-09-02T16:34:13.945] [INFO] cheese - ikcamp
[2018-09-02T16:34:13.945] [INFO] cheese - 响应时间为0s
[2018-09-02T16:34:13.946] [ERROR] cheese - InternalServerError: 错误页渲染失败:template not found: F:\zeng_vue\koa2\errorPage\404.html
    at Object.throw (F:\zeng_vue\koa2\node_modules\.2.5.2@koa\lib\context.js:96:11)
    at F:\zeng_vue\koa2\middleware\mi-http-error\index.js:44:26
    at <anonymous>
[2018-09-02T16:34:35.660] [INFO] cheese - ikcamp
[2018-09-02T16:34:35.667] [INFO] cheese - 响应时间为0.007s
[2018-09-02T16:34:35.670] [ERROR] cheese - InternalServerError: 错误页渲染失败:template not found: F:\zeng_vue\koa2\errorPage\404.html
    at Object.throw (F:\zeng_vue\koa2\node_modules\.2.5.2@koa\lib\context.js:96:11)
    at F:\zeng_vue\koa2\middleware\mi-http-error\index.js:44:26
    at <anonymous>
[2018-09-02T16:34:35.788] [INFO] cheese - ikcamp
[2018-09-02T16:34:35.788] [INFO] cheese - 响应时间为0.001s
[2018-09-02T16:34:35.789] [ERROR] cheese - InternalServerError: 错误页渲染失败:template not found: F:\zeng_vue\koa2\errorPage\404.html
    at Object.throw (F:\zeng_vue\koa2\node_modules\.2.5.2@koa\lib\context.js:96:11)
    at F:\zeng_vue\koa2\middleware\mi-http-error\index.js:44:26
    at <anonymous>
[2018-09-02T16:34:37.944] [INFO] cheese - ikcamp
[2018-09-02T16:34:37.944] [INFO] cheese - 响应时间为0s
[2018-09-02T16:34:37.945] [ERROR] cheese - InternalServerError: 错误页渲染失败:template not found: F:\zeng_vue\koa2\errorPage\404.html
    at Object.throw (F:\zeng_vue\koa2\node_modules\.2.5.2@koa\lib\context.js:96:11)
    at F:\zeng_vue\koa2\middleware\mi-http-error\index.js:44:26
    at <anonymous>
[2018-09-02T16:34:38.019] [INFO] cheese - ikcamp
[2018-09-02T16:34:38.019] [INFO] cheese - 响应时间为0s
[2018-09-02T16:34:38.020] [ERROR] cheese - InternalServerError: 错误页渲染失败:template not found: F:\zeng_vue\koa2\errorPage\404.html
    at Object.throw (F:\zeng_vue\koa2\node_modules\.2.5.2@koa\lib\context.js:96:11)
    at F:\zeng_vue\koa2\middleware\mi-http-error\index.js:44:26
    at <anonymous>
[2018-09-02T16:35:24.026] [INFO] cheese - ikcamp
[2018-09-02T16:35:24.030] [INFO] cheese - 响应时间为0.004s
[2018-09-02T16:35:24.033] [ERROR] cheese - InternalServerError: 错误页渲染失败:template not found: F:\zeng_vue\koa2\errorPage\404.html
    at Object.throw (F:\zeng_vue\koa2\node_modules\.2.5.2@koa\lib\context.js:96:11)
    at F:\zeng_vue\koa2\middleware\mi-http-error\index.js:43:26
    at <anonymous>
[2018-09-02T16:35:24.117] [INFO] cheese - ikcamp
[2018-09-02T16:35:24.118] [INFO] cheese - 响应时间为0.001s
[2018-09-02T16:35:24.119] [ERROR] cheese - InternalServerError: 错误页渲染失败:template not found: F:\zeng_vue\koa2\errorPage\404.html
    at Object.throw (F:\zeng_vue\koa2\node_modules\.2.5.2@koa\lib\context.js:96:11)
    at F:\zeng_vue\koa2\middleware\mi-http-error\index.js:43:26
    at <anonymous>
[2018-09-02T16:37:26.356] [INFO] cheese - ikcamp
[2018-09-02T16:37:26.364] [INFO] cheese - 响应时间为0.008s
[2018-09-02T16:37:26.367] [ERROR] cheese - InternalServerError: 错误页渲染失败:template not found: F:\zeng_vue\koa2\errorPage\404.html
    at Object.throw (F:\zeng_vue\koa2\node_modules\.2.5.2@koa\lib\context.js:96:11)
    at F:\zeng_vue\koa2\middleware\mi-http-error\index.js:44:26
    at <anonymous>
[2018-09-02T16:37:26.441] [INFO] cheese - ikcamp
[2018-09-02T16:37:26.441] [INFO] cheese - 响应时间为0s
[2018-09-02T16:37:26.442] [ERROR] cheese - InternalServerError: 错误页渲染失败:template not found: F:\zeng_vue\koa2\errorPage\404.html
    at Object.throw (F:\zeng_vue\koa2\node_modules\.2.5.2@koa\lib\context.js:96:11)
    at F:\zeng_vue\koa2\middleware\mi-http-error\index.js:44:26
    at <anonymous>
[2018-09-02T16:40:15.465] [INFO] cheese - ikcamp
[2018-09-02T16:40:15.469] [INFO] cheese - 响应时间为0.004s
[2018-09-02T16:40:15.607] [INFO] cheese - ikcamp
[2018-09-02T16:40:15.607] [INFO] cheese - 响应时间为0s
[2018-09-02T16:40:35.578] [INFO] cheese - ikcamp
[2018-09-02T16:40:35.631] [INFO] cheese - 响应时间为0.053s
[2018-09-02T16:40:39.624] [INFO] cheese - ikcamp
[2018-09-02T16:40:39.624] [INFO] cheese - 响应时间为0s
[2018-09-02T16:45:18.955] [INFO] cheese - ikcamp
[2018-09-02T16:45:18.955] [INFO] cheese - 响应时间为0s
[2018-09-02T16:45:23.814] [INFO] cheese - ikcamp
[2018-09-02T16:45:23.815] [INFO] cheese - 响应时间为0.001s
[2018-09-02T16:46:54.626] [INFO] cheese - ikcamp
[2018-09-02T16:46:54.626] [INFO] cheese - 响应时间为0s
[2018-09-02T16:50:39.082] [INFO] cheese - ikcamp
[2018-09-02T16:50:39.092] [INFO] cheese - 响应时间为0.01s
[2018-09-02T16:50:45.295] [INFO] cheese - ikcamp
[2018-09-02T16:50:45.295] [INFO] cheese - 响应时间为0s
[2018-09-02T16:50:48.905] [INFO] cheese - ikcamp
[2018-09-02T16:50:48.905] [INFO] cheese - 响应时间为0s
[2018-09-02T20:18:38.469] [INFO] cheese - ikcamp
[2018-09-02T20:18:38.473] [INFO] cheese - 响应时间为0.005s
[2018-09-02T20:19:09.022] [INFO] cheese - ikcamp
[2018-09-02T20:19:09.026] [INFO] cheese - 响应时间为0.005s
[2018-09-02T20:19:45.866] [INFO] cheese - ikcamp
[2018-09-02T20:19:45.870] [INFO] cheese - 响应时间为0.004s
[2018-09-02T20:26:14.928] [INFO] cheese - ikcamp
[2018-09-02T20:26:14.932] [INFO] cheese - 响应时间为0.004s
[2018-09-02T20:31:15.463] [INFO] cheese - ikcamp
[2018-09-02T20:31:15.467] [INFO] cheese - 响应时间为0.005s
[2018-09-02T20:32:31.131] [INFO] cheese - ikcamp
[2018-09-02T20:32:31.133] [INFO] cheese - 响应时间为0.002s
[2018-09-02T20:34:03.043] [INFO] cheese - ikcamp
[2018-09-02T20:34:03.048] [INFO] cheese - 响应时间为0.004s
[2018-09-02T20:34:27.271] [INFO] cheese - ikcamp
[2018-09-02T20:34:27.279] [INFO] cheese - 响应时间为0.009s
[2018-09-02T20:35:50.142] [INFO] cheese - ikcamp
[2018-09-02T20:35:50.146] [INFO] cheese - 响应时间为0.004s
[2018-09-02T21:00:42.315] [INFO] cheese - ikcamp
[2018-09-02T21:00:42.371] [INFO] cheese - 响应时间为0.056s
[2018-09-02T21:15:17.432] [INFO] cheese - ikcamp
[2018-09-02T21:15:17.439] [INFO] cheese - 响应时间为0.007s
[2018-09-02T21:15:32.291] [INFO] cheese - ikcamp
[2018-09-02T21:15:32.302] [INFO] cheese - 响应时间为0.012s
[2018-09-02T21:18:36.705] [INFO] cheese - ikcamp
[2018-09-02T21:18:36.714] [INFO] cheese - 响应时间为0.009s
[2018-09-02T21:21:02.404] [INFO] cheese - ikcamp
[2018-09-02T21:21:02.409] [INFO] cheese - 响应时间为0.006s
[2018-09-02T21:21:33.820] [INFO] cheese - ikcamp
[2018-09-02T21:21:33.846] [INFO] cheese - 响应时间为0.026s
[2018-09-02T21:22:23.150] [INFO] cheese - ikcamp
[2018-09-02T21:22:23.151] [INFO] cheese - 响应时间为0.001s
[2018-09-02T21:22:54.040] [INFO] cheese - ikcamp
[2018-09-02T21:22:54.044] [INFO] cheese - 响应时间为0.004s
[2018-09-02T21:23:05.378] [INFO] cheese - ikcamp
[2018-09-02T21:24:03.035] [INFO] cheese - ikcamp
[2018-09-02T21:24:18.905] [INFO] cheese - ikcamp
[2018-09-02T21:25:20.887] [INFO] cheese - ikcamp
[2018-09-02T21:26:46.429] [INFO] cheese - ikcamp
[2018-09-02T21:30:13.086] [INFO] cheese - ikcamp
[2018-09-02T21:30:13.122] [INFO] cheese - 响应时间为0.036s
